<?xml version="1.0" encoding="UTF-8"?>
<!-- Generated by org.testng.reporters.JUnitReportReporter -->
<testsuite hostname="M7-DX-HV1PXJ2" name="Cucumber.RunnerClass" tests="1" failures="0" timestamp="9 Aug 2019 07:06:42 GMT" time="39.408" errors="0">
  <testcase name="feature" time="39.408" classname="Cucumber.RunnerClass"/>
</testsuite> <!-- Cucumber.RunnerClass -->
